2025-03-10 08:52:32 [http-nio-8003-exec-3] DEBUG o.s.security.web.FilterChainProxy - Securing GET /api/books/search/craig
2025-03-10 08:52:32 [http-nio-8003-exec-3] INFO  c.v.b.config.JwtAuthenticationFilter - X-API-KEY: 1gp3xMqqCBgb4QmivPq8ycVkncCi5EMuJtFkcDmNd8M
2025-03-10 08:52:32 [http-nio-8003-exec-3] DEBUG o.s.security.web.FilterChainProxy - Secured GET /api/books/search/craig
2025-03-10 08:52:32 [http-nio-8003-exec-3] DEBUG o.s.web.servlet.DispatcherServlet - GET "/api/books/search/craig", parameters={}
2025-03-10 08:52:32 [http-nio-8003-exec-3] DEBUG o.s.w.s.h.SimpleUrlHandlerMapping - Mapped to ResourceHttpRequestHandler [classpath [META-INF/resources/], classpath [resources/], classpath [static/], classpath [public/], ServletContext [/]]
2025-03-10 08:52:32 [http-nio-8003-exec-3] DEBUG o.s.w.s.r.ResourceHttpRequestHandler - Resource not found
2025-03-10 08:52:32 [http-nio-8003-exec-3] DEBUG o.s.w.s.m.s.DefaultHandlerExceptionResolver - Resolved [org.springframework.web.servlet.resource.NoResourceFoundException: No static resource api/books/search/craig.]
2025-03-10 08:52:32 [http-nio-8003-exec-3] DEBUG o.s.web.servlet.DispatcherServlet - Completed 404 NOT_FOUND
2025-03-10 08:52:32 [http-nio-8003-exec-3] DEBUG o.s.security.web.FilterChainProxy - Securing GET /error
2025-03-10 08:52:32 [http-nio-8003-exec-3] DEBUG o.s.s.w.a.AnonymousAuthenticationFilter - Set SecurityContextHolder to anonymous SecurityContext
2025-03-10 08:52:32 [http-nio-8003-exec-3] DEBUG o.s.s.w.a.Http403ForbiddenEntryPoint - Pre-authenticated entry point called. Rejecting access
2025-03-10 08:53:34 [http-nio-8003-exec-4] DEBUG o.s.security.web.FilterChainProxy - Securing GET /api/books/search/craig
2025-03-10 08:53:34 [http-nio-8003-exec-4] INFO  c.v.b.config.JwtAuthenticationFilter - X-API-KEY: 1gp3xMqqCBgb4QmivPq8ycVkncCi5EMuJtFkcDmNd8M
2025-03-10 08:53:34 [http-nio-8003-exec-4] DEBUG o.s.security.web.FilterChainProxy - Secured GET /api/books/search/craig
2025-03-10 08:53:34 [http-nio-8003-exec-4] DEBUG o.s.web.servlet.DispatcherServlet - GET "/api/books/search/craig", parameters={}
2025-03-10 08:53:34 [http-nio-8003-exec-4] DEBUG o.s.w.s.h.SimpleUrlHandlerMapping - Mapped to ResourceHttpRequestHandler [classpath [META-INF/resources/], classpath [resources/], classpath [static/], classpath [public/], ServletContext [/]]
2025-03-10 08:53:34 [http-nio-8003-exec-4] DEBUG o.s.w.s.r.ResourceHttpRequestHandler - Resource not found
2025-03-10 08:53:34 [http-nio-8003-exec-4] DEBUG o.s.w.s.m.s.DefaultHandlerExceptionResolver - Resolved [org.springframework.web.servlet.resource.NoResourceFoundException: No static resource api/books/search/craig.]
2025-03-10 08:53:34 [http-nio-8003-exec-4] DEBUG o.s.web.servlet.DispatcherServlet - Completed 404 NOT_FOUND
2025-03-10 08:53:34 [http-nio-8003-exec-4] DEBUG o.s.security.web.FilterChainProxy - Securing GET /error
2025-03-10 08:53:34 [http-nio-8003-exec-4] DEBUG o.s.s.w.a.AnonymousAuthenticationFilter - Set SecurityContextHolder to anonymous SecurityContext
2025-03-10 08:53:34 [http-nio-8003-exec-4] DEBUG o.s.s.w.a.Http403ForbiddenEntryPoint - Pre-authenticated entry point called. Rejecting access
2025-03-10 08:53:42 [http-nio-8003-exec-5] DEBUG o.s.security.web.FilterChainProxy - Securing GET /api/books/search/craig
2025-03-10 08:53:42 [http-nio-8003-exec-5] INFO  c.v.b.config.JwtAuthenticationFilter - X-API-KEY: 1gp3xMqqCBgb4QmivPq8ycVkncCi5EMuJtFkcDmNd8M
2025-03-10 08:53:42 [http-nio-8003-exec-5] DEBUG o.s.security.web.FilterChainProxy - Secured GET /api/books/search/craig
2025-03-10 08:53:42 [http-nio-8003-exec-5] DEBUG o.s.web.servlet.DispatcherServlet - GET "/api/books/search/craig", parameters={}
2025-03-10 08:53:42 [http-nio-8003-exec-5] DEBUG o.s.w.s.h.SimpleUrlHandlerMapping - Mapped to ResourceHttpRequestHandler [classpath [META-INF/resources/], classpath [resources/], classpath [static/], classpath [public/], ServletContext [/]]
2025-03-10 08:53:42 [http-nio-8003-exec-5] DEBUG o.s.w.s.r.ResourceHttpRequestHandler - Resource not found
2025-03-10 08:53:42 [http-nio-8003-exec-5] DEBUG o.s.w.s.m.s.DefaultHandlerExceptionResolver - Resolved [org.springframework.web.servlet.resource.NoResourceFoundException: No static resource api/books/search/craig.]
2025-03-10 08:53:42 [http-nio-8003-exec-5] DEBUG o.s.web.servlet.DispatcherServlet - Completed 404 NOT_FOUND
2025-03-10 08:53:42 [http-nio-8003-exec-5] DEBUG o.s.security.web.FilterChainProxy - Securing GET /error
2025-03-10 08:53:42 [http-nio-8003-exec-5] DEBUG o.s.s.w.a.AnonymousAuthenticationFilter - Set SecurityContextHolder to anonymous SecurityContext
2025-03-10 08:53:42 [http-nio-8003-exec-5] DEBUG o.s.s.w.a.Http403ForbiddenEntryPoint - Pre-authenticated entry point called. Rejecting access
2025-03-10 08:55:18 [http-nio-8003-exec-6] DEBUG o.s.security.web.FilterChainProxy - Securing POST /api/books
2025-03-10 08:55:18 [http-nio-8003-exec-6] INFO  c.v.b.config.JwtAuthenticationFilter - X-API-KEY: 1gp3xMqqCBgb4QmivPq8ycVkncCi5EMuJtFkcDmNd8M
2025-03-10 08:55:18 [http-nio-8003-exec-6] DEBUG o.s.security.web.FilterChainProxy - Secured POST /api/books
2025-03-10 08:55:18 [http-nio-8003-exec-6] DEBUG o.s.web.servlet.DispatcherServlet - POST "/api/books", parameters={}
2025-03-10 08:55:18 [http-nio-8003-exec-6] DEBUG o.s.w.s.m.m.a.RequestMappingHandlerMapping - Mapped to com.vheekey.book_service.controllers.BookController#create(BookRequest)
2025-03-10 08:55:18 [http-nio-8003-exec-6] DEBUG o.s.w.s.m.m.a.RequestResponseBodyMethodProcessor - Read "application/json;charset=UTF-8" to [BookRequest(title=Spring Boot in Action, author=Craig Walls, location=Shelf-A1, category=FICTION, de (truncated)...]
2025-03-10 08:55:18 [http-nio-8003-exec-6] DEBUG o.s.w.s.m.m.a.ExceptionHandlerExceptionResolver - Using @ExceptionHandler com.vheekey.book_service.exceptions.GlobalExceptionHandler#handleMethodArgumentNotValid(MethodArgumentNotValidException)
2025-03-10 08:55:18 [http-nio-8003-exec-6] DEBUG o.s.w.s.m.m.a.HttpEntityMethodProcessor - Using 'application/json', given [*/*] and supported [application/json, application/*+json]
2025-03-10 08:55:18 [http-nio-8003-exec-6] DEBUG o.s.w.s.m.m.a.HttpEntityMethodProcessor - Writing [ApiError(message=ISBN already exists, timestamp=2025-03-10T08:55:18.604429, details=[])]
2025-03-10 08:55:18 [http-nio-8003-exec-6] WARN  o.s.w.s.m.m.a.ExceptionHandlerExceptionResolver - Resolved [org.springframework.web.bind.MethodArgumentNotValidException: Validation failed for argument [0] in public org.springframework.http.ResponseEntity<com.vheekey.book_service.responses.BookResponse> com.vheekey.book_service.controllers.BookController.create(com.vheekey.book_service.requests.BookRequest): [Field error in object 'bookRequest' on field 'isbn': rejected value [180]; codes [UniqueValue.bookRequest.isbn,UniqueValue.isbn,UniqueValue.java.lang.String,UniqueValue]; arguments [org.springframework.context.support.DefaultMessageSourceResolvable: codes [bookRequest.isbn,isbn]; arguments []; default message [isbn],class com.vheekey.book_service.documents.Book,isbn]; default message [ISBN already exists]] ]
2025-03-10 08:55:18 [http-nio-8003-exec-6] DEBUG o.s.web.servlet.DispatcherServlet - Completed 400 BAD_REQUEST
2025-03-10 08:58:57 [http-nio-8003-exec-7] DEBUG o.s.security.web.FilterChainProxy - Securing GET /api/books/test-search/craig
2025-03-10 08:58:57 [http-nio-8003-exec-7] INFO  c.v.b.config.JwtAuthenticationFilter - X-API-KEY: 1gp3xMqqCBgb4QmivPq8ycVkncCi5EMuJtFkcDmNd8M
2025-03-10 08:58:57 [http-nio-8003-exec-7] DEBUG o.s.security.web.FilterChainProxy - Secured GET /api/books/test-search/craig
2025-03-10 08:58:57 [http-nio-8003-exec-7] DEBUG o.s.web.servlet.DispatcherServlet - GET "/api/books/test-search/craig", parameters={}
2025-03-10 08:58:57 [http-nio-8003-exec-7] DEBUG o.s.w.s.h.SimpleUrlHandlerMapping - Mapped to ResourceHttpRequestHandler [classpath [META-INF/resources/], classpath [resources/], classpath [static/], classpath [public/], ServletContext [/]]
2025-03-10 08:58:57 [http-nio-8003-exec-7] DEBUG o.s.w.s.r.ResourceHttpRequestHandler - Resource not found
2025-03-10 08:58:57 [http-nio-8003-exec-7] DEBUG o.s.w.s.m.s.DefaultHandlerExceptionResolver - Resolved [org.springframework.web.servlet.resource.NoResourceFoundException: No static resource api/books/test-search/craig.]
2025-03-10 08:58:57 [http-nio-8003-exec-7] DEBUG o.s.web.servlet.DispatcherServlet - Completed 404 NOT_FOUND
2025-03-10 08:58:57 [http-nio-8003-exec-7] DEBUG o.s.security.web.FilterChainProxy - Securing GET /error
2025-03-10 08:58:57 [http-nio-8003-exec-7] DEBUG o.s.s.w.a.AnonymousAuthenticationFilter - Set SecurityContextHolder to anonymous SecurityContext
2025-03-10 08:58:57 [http-nio-8003-exec-7] DEBUG o.s.s.w.a.Http403ForbiddenEntryPoint - Pre-authenticated entry point called. Rejecting access
2025-03-10 08:59:21 [http-nio-8003-exec-8] DEBUG o.s.security.web.FilterChainProxy - Securing GET /api/books/test-search/craig
2025-03-10 08:59:21 [http-nio-8003-exec-8] INFO  c.v.b.config.JwtAuthenticationFilter - X-API-KEY: 1gp3xMqqCBgb4QmivPq8ycVkncCi5EMuJtFkcDmNd8M
2025-03-10 08:59:21 [http-nio-8003-exec-8] DEBUG o.s.security.web.FilterChainProxy - Secured GET /api/books/test-search/craig
2025-03-10 08:59:21 [http-nio-8003-exec-8] DEBUG o.s.web.servlet.DispatcherServlet - GET "/api/books/test-search/craig", parameters={}
2025-03-10 08:59:21 [http-nio-8003-exec-8] DEBUG o.s.w.s.h.SimpleUrlHandlerMapping - Mapped to ResourceHttpRequestHandler [classpath [META-INF/resources/], classpath [resources/], classpath [static/], classpath [public/], ServletContext [/]]
2025-03-10 08:59:21 [http-nio-8003-exec-8] DEBUG o.s.w.s.r.ResourceHttpRequestHandler - Resource not found
2025-03-10 08:59:21 [http-nio-8003-exec-8] DEBUG o.s.w.s.m.s.DefaultHandlerExceptionResolver - Resolved [org.springframework.web.servlet.resource.NoResourceFoundException: No static resource api/books/test-search/craig.]
2025-03-10 08:59:21 [http-nio-8003-exec-8] DEBUG o.s.web.servlet.DispatcherServlet - Completed 404 NOT_FOUND
2025-03-10 08:59:21 [http-nio-8003-exec-8] DEBUG o.s.security.web.FilterChainProxy - Securing GET /error
2025-03-10 08:59:21 [http-nio-8003-exec-8] DEBUG o.s.s.w.a.AnonymousAuthenticationFilter - Set SecurityContextHolder to anonymous SecurityContext
2025-03-10 08:59:21 [http-nio-8003-exec-8] DEBUG o.s.s.w.a.Http403ForbiddenEntryPoint - Pre-authenticated entry point called. Rejecting access
2025-03-10 09:00:10 [restartedMain] INFO  c.v.b.BookServiceApplication - Starting BookServiceApplication using Java 17.0.1 with PID 20861 (/Users/vheekey/Sites/library-management-service/services/book-service/target/classes started by vheekey in /Users/vheekey/Sites/library-management-service/services/book-service)
2025-03-10 09:00:10 [restartedMain] INFO  c.v.b.BookServiceApplication - No active profile set, falling back to 1 default profile: "default"
2025-03-10 09:00:11 [restartedMain] INFO  c.v.book_service.config.JwtTokenUtil - Key algorithm: HmacSHA512
2025-03-10 09:00:11 [restartedMain] INFO  c.v.book_service.config.JwtTokenUtil - JWT Token Util initialized with secret: 2evhbLI9HRVJUn2aGgx0Bq4eWGfjL7PrBzg5xIoQ9UVMTZrG0EQrIzE/8QTmVLsu8dl2JG1/bKl47643AtuTdw==
2025-03-10 09:00:11 [restartedMain] DEBUG o.s.w.f.ServerHttpObservationFilter - Filter 'webMvcObservationFilter' configured for use
2025-03-10 09:00:12 [restartedMain] DEBUG o.s.s.c.a.a.c.AuthenticationConfiguration$DefaultPasswordEncoderAuthenticationManagerBuilder - No authenticationProviders and no parentAuthenticationManager defined. Returning null.
2025-03-10 09:00:12 [restartedMain] DEBUG o.s.w.s.m.m.a.RequestMappingHandlerMapping - 7 mappings in 'requestMappingHandlerMapping'
2025-03-10 09:00:12 [restartedMain] DEBUG o.s.w.s.h.SimpleUrlHandlerMapping - Patterns [/webjars/**, /**] in 'resourceHandlerMapping'
2025-03-10 09:00:12 [restartedMain] INFO  o.s.s.web.DefaultSecurityFilterChain - Will secure any request with [org.springframework.security.web.session.DisableEncodeUrlFilter@66c2b60, org.springframework.security.web.context.request.async.WebAsyncManagerIntegrationFilter@5ae7664f, org.springframework.security.web.context.SecurityContextHolderFilter@75077a94, org.springframework.security.web.header.HeaderWriterFilter@65b7f545, org.springframework.web.filter.CorsFilter@474e2d25, org.springframework.security.web.authentication.logout.LogoutFilter@16e1f646, com.vheekey.book_service.config.JwtAuthenticationFilter@7ac5528b, org.springframework.security.web.savedrequest.RequestCacheAwareFilter@14db6fa2, org.springframework.security.web.servletapi.SecurityContextHolderAwareRequestFilter@61e6ccab, org.springframework.security.web.authentication.AnonymousAuthenticationFilter@64e5d662, org.springframework.security.web.session.SessionManagementFilter@2cdc2b1c, org.springframework.security.web.access.ExceptionTranslationFilter@63f02be4, org.springframework.security.web.access.intercept.AuthorizationFilter@5e004ae8]
2025-03-10 09:00:12 [restartedMain] DEBUG o.s.w.s.m.m.a.RequestMappingHandlerAdapter - ControllerAdvice beans: 0 @ModelAttribute, 0 @InitBinder, 1 RequestBodyAdvice, 1 ResponseBodyAdvice
2025-03-10 09:00:12 [restartedMain] DEBUG o.s.w.s.m.m.a.ExceptionHandlerExceptionResolver - ControllerAdvice beans: 1 @ExceptionHandler, 1 ResponseBodyAdvice
2025-03-10 09:00:13 [restartedMain] INFO  c.v.b.BookServiceApplication - Started BookServiceApplication in 2.683 seconds (process running for 2.963)
2025-03-10 09:00:18 [http-nio-8003-exec-1] INFO  o.s.web.servlet.DispatcherServlet - Initializing Servlet 'dispatcherServlet'
2025-03-10 09:00:18 [http-nio-8003-exec-1] DEBUG o.s.web.servlet.DispatcherServlet - Detected StandardServletMultipartResolver
2025-03-10 09:00:18 [http-nio-8003-exec-1] DEBUG o.s.web.servlet.DispatcherServlet - Detected AcceptHeaderLocaleResolver
2025-03-10 09:00:18 [http-nio-8003-exec-1] DEBUG o.s.web.servlet.DispatcherServlet - Detected FixedThemeResolver
2025-03-10 09:00:18 [http-nio-8003-exec-1] DEBUG o.s.web.servlet.DispatcherServlet - Detected org.springframework.web.servlet.view.DefaultRequestToViewNameTranslator@4cca77f5
2025-03-10 09:00:18 [http-nio-8003-exec-1] DEBUG o.s.web.servlet.DispatcherServlet - Detected org.springframework.web.servlet.support.SessionFlashMapManager@7d077c05
2025-03-10 09:00:18 [http-nio-8003-exec-1] DEBUG o.s.web.servlet.DispatcherServlet - enableLoggingRequestDetails='false': request parameters and headers will be masked to prevent unsafe logging of potentially sensitive data
2025-03-10 09:00:18 [http-nio-8003-exec-1] INFO  o.s.web.servlet.DispatcherServlet - Completed initialization in 5 ms
2025-03-10 09:00:18 [http-nio-8003-exec-1] DEBUG o.s.security.web.FilterChainProxy - Securing GET /api/books/test-search/craig
2025-03-10 09:00:18 [http-nio-8003-exec-1] INFO  c.v.b.config.JwtAuthenticationFilter - X-API-KEY: 1gp3xMqqCBgb4QmivPq8ycVkncCi5EMuJtFkcDmNd8M
2025-03-10 09:00:18 [http-nio-8003-exec-1] DEBUG o.s.security.web.FilterChainProxy - Secured GET /api/books/test-search/craig
2025-03-10 09:00:18 [http-nio-8003-exec-1] DEBUG o.s.web.servlet.DispatcherServlet - GET "/api/books/test-search/craig", parameters={}
2025-03-10 09:00:18 [http-nio-8003-exec-1] DEBUG o.s.w.s.m.m.a.RequestMappingHandlerMapping - Mapped to com.vheekey.book_service.controllers.BookController#testSearchEndpoint(String)
2025-03-10 09:00:18 [http-nio-8003-exec-1] DEBUG o.s.w.s.m.m.a.HttpEntityMethodProcessor - Using 'text/plain', given [*/*] and supported [text/plain, */*, application/json, application/*+json]
2025-03-10 09:00:18 [http-nio-8003-exec-1] DEBUG o.s.w.s.m.m.a.HttpEntityMethodProcessor - Writing ["Search endpoint reached with keyword: craig"]
2025-03-10 09:00:18 [http-nio-8003-exec-1] DEBUG o.s.web.servlet.DispatcherServlet - Completed 200 OK
2025-03-10 09:00:29 [http-nio-8003-exec-2] DEBUG o.s.security.web.FilterChainProxy - Securing GET /api/books/search/craig
2025-03-10 09:00:29 [http-nio-8003-exec-2] INFO  c.v.b.config.JwtAuthenticationFilter - X-API-KEY: 1gp3xMqqCBgb4QmivPq8ycVkncCi5EMuJtFkcDmNd8M
2025-03-10 09:00:29 [http-nio-8003-exec-2] DEBUG o.s.security.web.FilterChainProxy - Secured GET /api/books/search/craig
2025-03-10 09:00:29 [http-nio-8003-exec-2] DEBUG o.s.web.servlet.DispatcherServlet - GET "/api/books/search/craig", parameters={}
2025-03-10 09:00:29 [http-nio-8003-exec-2] DEBUG o.s.w.s.m.m.a.RequestMappingHandlerMapping - Mapped to com.vheekey.book_service.controllers.BookController#search(String, int, int)
2025-03-10 09:00:29 [http-nio-8003-exec-2] DEBUG o.s.w.s.m.m.a.HttpEntityMethodProcessor - Using 'application/json', given [*/*] and supported [application/json, application/*+json]
2025-03-10 09:00:29 [http-nio-8003-exec-2] DEBUG o.s.w.s.m.m.a.HttpEntityMethodProcessor - Nothing to write: null body
2025-03-10 09:00:29 [http-nio-8003-exec-2] DEBUG o.s.web.servlet.DispatcherServlet - Completed 200 OK
2025-03-10 09:07:49 [restartedMain] INFO  c.v.b.BookServiceApplication - Starting BookServiceApplication using Java 17.0.1 with PID 22601 (/Users/vheekey/Sites/library-management-service/services/book-service/target/classes started by vheekey in /Users/vheekey/Sites/library-management-service/services/book-service)
2025-03-10 09:07:49 [restartedMain] INFO  c.v.b.BookServiceApplication - No active profile set, falling back to 1 default profile: "default"
2025-03-10 09:07:50 [restartedMain] INFO  c.v.book_service.config.JwtTokenUtil - Key algorithm: HmacSHA512
2025-03-10 09:07:50 [restartedMain] INFO  c.v.book_service.config.JwtTokenUtil - JWT Token Util initialized with secret: 2evhbLI9HRVJUn2aGgx0Bq4eWGfjL7PrBzg5xIoQ9UVMTZrG0EQrIzE/8QTmVLsu8dl2JG1/bKl47643AtuTdw==
2025-03-10 09:07:50 [restartedMain] DEBUG o.s.w.f.ServerHttpObservationFilter - Filter 'webMvcObservationFilter' configured for use
2025-03-10 09:07:51 [restartedMain] DEBUG o.s.s.c.a.a.c.AuthenticationConfiguration$DefaultPasswordEncoderAuthenticationManagerBuilder - No authenticationProviders and no parentAuthenticationManager defined. Returning null.
2025-03-10 09:07:51 [restartedMain] DEBUG o.s.w.s.m.m.a.RequestMappingHandlerMapping - 7 mappings in 'requestMappingHandlerMapping'
2025-03-10 09:07:51 [restartedMain] DEBUG o.s.w.s.h.SimpleUrlHandlerMapping - Patterns [/webjars/**, /**] in 'resourceHandlerMapping'
2025-03-10 09:07:51 [restartedMain] INFO  o.s.s.web.DefaultSecurityFilterChain - Will secure any request with [org.springframework.security.web.session.DisableEncodeUrlFilter@51e85e6e, org.springframework.security.web.context.request.async.WebAsyncManagerIntegrationFilter@30a03fb0, org.springframework.security.web.context.SecurityContextHolderFilter@7eb3a9e6, org.springframework.security.web.header.HeaderWriterFilter@26443459, org.springframework.web.filter.CorsFilter@7043a0bb, org.springframework.security.web.authentication.logout.LogoutFilter@583386fd, com.vheekey.book_service.config.JwtAuthenticationFilter@615cb33b, org.springframework.security.web.savedrequest.RequestCacheAwareFilter@2e5b994e, org.springframework.security.web.servletapi.SecurityContextHolderAwareRequestFilter@7cf068b8, org.springframework.security.web.authentication.AnonymousAuthenticationFilter@343434e4, org.springframework.security.web.session.SessionManagementFilter@3dddd120, org.springframework.security.web.access.ExceptionTranslationFilter@7a2b4f85, org.springframework.security.web.access.intercept.AuthorizationFilter@23785a31]
2025-03-10 09:07:51 [restartedMain] DEBUG o.s.w.s.m.m.a.RequestMappingHandlerAdapter - ControllerAdvice beans: 0 @ModelAttribute, 0 @InitBinder, 1 RequestBodyAdvice, 1 ResponseBodyAdvice
2025-03-10 09:07:51 [restartedMain] DEBUG o.s.w.s.m.m.a.ExceptionHandlerExceptionResolver - ControllerAdvice beans: 1 @ExceptionHandler, 1 ResponseBodyAdvice
2025-03-10 09:07:51 [restartedMain] INFO  c.v.b.BookServiceApplication - Started BookServiceApplication in 2.369 seconds (process running for 2.617)
2025-03-10 09:08:09 [restartedMain] INFO  c.v.b.BookServiceApplication - Starting BookServiceApplication using Java 17.0.1 with PID 22782 (/Users/vheekey/Sites/library-management-service/services/book-service/target/classes started by vheekey in /Users/vheekey/Sites/library-management-service/services/book-service)
2025-03-10 09:08:09 [restartedMain] INFO  c.v.b.BookServiceApplication - No active profile set, falling back to 1 default profile: "default"
2025-03-10 09:08:10 [restartedMain] INFO  c.v.book_service.config.JwtTokenUtil - Key algorithm: HmacSHA512
2025-03-10 09:08:10 [restartedMain] INFO  c.v.book_service.config.JwtTokenUtil - JWT Token Util initialized with secret: 2evhbLI9HRVJUn2aGgx0Bq4eWGfjL7PrBzg5xIoQ9UVMTZrG0EQrIzE/8QTmVLsu8dl2JG1/bKl47643AtuTdw==
2025-03-10 09:08:10 [restartedMain] DEBUG o.s.w.f.ServerHttpObservationFilter - Filter 'webMvcObservationFilter' configured for use
2025-03-10 09:08:10 [restartedMain] DEBUG o.s.s.c.a.a.c.AuthenticationConfiguration$DefaultPasswordEncoderAuthenticationManagerBuilder - No authenticationProviders and no parentAuthenticationManager defined. Returning null.
2025-03-10 09:08:10 [restartedMain] DEBUG o.s.w.s.m.m.a.RequestMappingHandlerMapping - 7 mappings in 'requestMappingHandlerMapping'
2025-03-10 09:08:10 [restartedMain] DEBUG o.s.w.s.h.SimpleUrlHandlerMapping - Patterns [/webjars/**, /**] in 'resourceHandlerMapping'
2025-03-10 09:08:10 [restartedMain] INFO  o.s.s.web.DefaultSecurityFilterChain - Will secure any request with [org.springframework.security.web.session.DisableEncodeUrlFilter@11d5dd58, org.springframework.security.web.context.request.async.WebAsyncManagerIntegrationFilter@3b559700, org.springframework.security.web.context.SecurityContextHolderFilter@765e2e5a, org.springframework.security.web.header.HeaderWriterFilter@41f1a1ae, org.springframework.web.filter.CorsFilter@5e004ae8, org.springframework.security.web.authentication.logout.LogoutFilter@59bc298c, com.vheekey.book_service.config.JwtAuthenticationFilter@3d0fc138, org.springframework.security.web.savedrequest.RequestCacheAwareFilter@2cdc2b1c, org.springframework.security.web.servletapi.SecurityContextHolderAwareRequestFilter@4f6c7ab2, org.springframework.security.web.authentication.AnonymousAuthenticationFilter@2e166442, org.springframework.security.web.session.SessionManagementFilter@1df92e0f, org.springframework.security.web.access.ExceptionTranslationFilter@56d8ebe, org.springframework.security.web.access.intercept.AuthorizationFilter@793a6200]
2025-03-10 09:08:10 [restartedMain] DEBUG o.s.w.s.m.m.a.RequestMappingHandlerAdapter - ControllerAdvice beans: 0 @ModelAttribute, 0 @InitBinder, 1 RequestBodyAdvice, 1 ResponseBodyAdvice
2025-03-10 09:08:10 [restartedMain] DEBUG o.s.w.s.m.m.a.ExceptionHandlerExceptionResolver - ControllerAdvice beans: 1 @ExceptionHandler, 1 ResponseBodyAdvice
2025-03-10 09:08:11 [restartedMain] INFO  c.v.b.BookServiceApplication - Started BookServiceApplication in 2.215 seconds (process running for 2.442)
2025-03-10 09:09:06 [http-nio-8003-exec-1] INFO  o.s.web.servlet.DispatcherServlet - Initializing Servlet 'dispatcherServlet'
2025-03-10 09:09:06 [http-nio-8003-exec-1] DEBUG o.s.web.servlet.DispatcherServlet - Detected StandardServletMultipartResolver
2025-03-10 09:09:06 [http-nio-8003-exec-1] DEBUG o.s.web.servlet.DispatcherServlet - Detected AcceptHeaderLocaleResolver
2025-03-10 09:09:06 [http-nio-8003-exec-1] DEBUG o.s.web.servlet.DispatcherServlet - Detected FixedThemeResolver
2025-03-10 09:09:06 [http-nio-8003-exec-1] DEBUG o.s.web.servlet.DispatcherServlet - Detected org.springframework.web.servlet.view.DefaultRequestToViewNameTranslator@17b3bc99
2025-03-10 09:09:06 [http-nio-8003-exec-1] DEBUG o.s.web.servlet.DispatcherServlet - Detected org.springframework.web.servlet.support.SessionFlashMapManager@3996414c
2025-03-10 09:09:06 [http-nio-8003-exec-1] DEBUG o.s.web.servlet.DispatcherServlet - enableLoggingRequestDetails='false': request parameters and headers will be masked to prevent unsafe logging of potentially sensitive data
2025-03-10 09:09:06 [http-nio-8003-exec-1] INFO  o.s.web.servlet.DispatcherServlet - Completed initialization in 4 ms
2025-03-10 09:09:06 [http-nio-8003-exec-1] DEBUG o.s.security.web.FilterChainProxy - Securing GET /api/books/search/craig
2025-03-10 09:09:06 [http-nio-8003-exec-1] INFO  c.v.b.config.JwtAuthenticationFilter - X-API-KEY: 1gp3xMqqCBgb4QmivPq8ycVkncCi5EMuJtFkcDmNd8M
2025-03-10 09:09:06 [http-nio-8003-exec-1] DEBUG o.s.security.web.FilterChainProxy - Secured GET /api/books/search/craig
2025-03-10 09:09:06 [http-nio-8003-exec-1] DEBUG o.s.web.servlet.DispatcherServlet - GET "/api/books/search/craig", parameters={}
2025-03-10 09:09:06 [http-nio-8003-exec-1] DEBUG o.s.w.s.m.m.a.RequestMappingHandlerMapping - Mapped to com.vheekey.book_service.controllers.BookController#search(String, int, int)
2025-03-10 09:09:06 [http-nio-8003-exec-1] DEBUG o.s.w.s.m.m.a.HttpEntityMethodProcessor - Using 'application/json', given [*/*] and supported [application/json, application/*+json]
2025-03-10 09:09:06 [http-nio-8003-exec-1] DEBUG o.s.w.s.m.m.a.HttpEntityMethodProcessor - Nothing to write: null body
2025-03-10 09:09:06 [http-nio-8003-exec-1] DEBUG o.s.web.servlet.DispatcherServlet - Completed 200 OK
2025-03-10 09:09:52 [http-nio-8003-exec-2] DEBUG o.s.security.web.FilterChainProxy - Securing GET /api/books/search/craig
2025-03-10 09:09:52 [http-nio-8003-exec-2] INFO  c.v.b.config.JwtAuthenticationFilter - X-API-KEY: 1gp3xMqqCBgb4QmivPq8ycVkncCi5EMuJtFkcDmNd8M
2025-03-10 09:09:52 [http-nio-8003-exec-2] DEBUG o.s.security.web.FilterChainProxy - Secured GET /api/books/search/craig
2025-03-10 09:09:52 [http-nio-8003-exec-2] DEBUG o.s.web.servlet.DispatcherServlet - GET "/api/books/search/craig", parameters={}
2025-03-10 09:09:52 [http-nio-8003-exec-2] DEBUG o.s.w.s.m.m.a.RequestMappingHandlerMapping - Mapped to com.vheekey.book_service.controllers.BookController#search(String, int, int)
2025-03-10 09:09:52 [http-nio-8003-exec-2] DEBUG o.s.w.s.m.m.a.HttpEntityMethodProcessor - Using 'application/json', given [*/*] and supported [application/json, application/*+json]
2025-03-10 09:09:52 [http-nio-8003-exec-2] DEBUG o.s.w.s.m.m.a.HttpEntityMethodProcessor - Nothing to write: null body
2025-03-10 09:09:52 [http-nio-8003-exec-2] DEBUG o.s.web.servlet.DispatcherServlet - Completed 200 OK
2025-03-10 09:10:03 [restartedMain] INFO  c.v.b.BookServiceApplication - Starting BookServiceApplication using Java 17.0.1 with PID 23311 (/Users/vheekey/Sites/library-management-service/services/book-service/target/classes started by vheekey in /Users/vheekey/Sites/library-management-service/services/book-service)
2025-03-10 09:10:03 [restartedMain] INFO  c.v.b.BookServiceApplication - No active profile set, falling back to 1 default profile: "default"
2025-03-10 09:10:04 [restartedMain] INFO  c.v.book_service.config.JwtTokenUtil - Key algorithm: HmacSHA512
2025-03-10 09:10:04 [restartedMain] INFO  c.v.book_service.config.JwtTokenUtil - JWT Token Util initialized with secret: 2evhbLI9HRVJUn2aGgx0Bq4eWGfjL7PrBzg5xIoQ9UVMTZrG0EQrIzE/8QTmVLsu8dl2JG1/bKl47643AtuTdw==
2025-03-10 09:10:04 [restartedMain] DEBUG o.s.w.f.ServerHttpObservationFilter - Filter 'webMvcObservationFilter' configured for use
2025-03-10 09:10:05 [restartedMain] DEBUG o.s.s.c.a.a.c.AuthenticationConfiguration$DefaultPasswordEncoderAuthenticationManagerBuilder - No authenticationProviders and no parentAuthenticationManager defined. Returning null.
2025-03-10 09:10:05 [restartedMain] DEBUG o.s.w.s.m.m.a.RequestMappingHandlerMapping - 6 mappings in 'requestMappingHandlerMapping'
2025-03-10 09:10:05 [restartedMain] DEBUG o.s.w.s.h.SimpleUrlHandlerMapping - Patterns [/webjars/**, /**] in 'resourceHandlerMapping'
2025-03-10 09:10:05 [restartedMain] INFO  o.s.s.web.DefaultSecurityFilterChain - Will secure any request with [org.springframework.security.web.session.DisableEncodeUrlFilter@9010757, org.springframework.security.web.context.request.async.WebAsyncManagerIntegrationFilter@4bf5b6ac, org.springframework.security.web.context.SecurityContextHolderFilter@56b8f456, org.springframework.security.web.header.HeaderWriterFilter@199f05a, org.springframework.web.filter.CorsFilter@5aa0bd60, org.springframework.security.web.authentication.logout.LogoutFilter@5493f748, com.vheekey.book_service.config.JwtAuthenticationFilter@489fa267, org.springframework.security.web.savedrequest.RequestCacheAwareFilter@99f6d5, org.springframework.security.web.servletapi.SecurityContextHolderAwareRequestFilter@80dd809, org.springframework.security.web.authentication.AnonymousAuthenticationFilter@c8c9d4c, org.springframework.security.web.session.SessionManagementFilter@1ac97b0d, org.springframework.security.web.access.ExceptionTranslationFilter@22d2eb92, org.springframework.security.web.access.intercept.AuthorizationFilter@65c4fe4d]
2025-03-10 09:10:05 [restartedMain] DEBUG o.s.w.s.m.m.a.RequestMappingHandlerAdapter - ControllerAdvice beans: 0 @ModelAttribute, 0 @InitBinder, 1 RequestBodyAdvice, 1 ResponseBodyAdvice
2025-03-10 09:10:05 [restartedMain] DEBUG o.s.w.s.m.m.a.ExceptionHandlerExceptionResolver - ControllerAdvice beans: 1 @ExceptionHandler, 1 ResponseBodyAdvice
2025-03-10 09:10:05 [restartedMain] INFO  c.v.b.BookServiceApplication - Started BookServiceApplication in 2.555 seconds (process running for 2.85)
2025-03-10 09:10:06 [http-nio-8003-exec-1] INFO  o.s.web.servlet.DispatcherServlet - Initializing Servlet 'dispatcherServlet'
2025-03-10 09:10:06 [http-nio-8003-exec-1] DEBUG o.s.web.servlet.DispatcherServlet - Detected StandardServletMultipartResolver
2025-03-10 09:10:06 [http-nio-8003-exec-1] DEBUG o.s.web.servlet.DispatcherServlet - Detected AcceptHeaderLocaleResolver
2025-03-10 09:10:06 [http-nio-8003-exec-1] DEBUG o.s.web.servlet.DispatcherServlet - Detected FixedThemeResolver
2025-03-10 09:10:06 [http-nio-8003-exec-1] DEBUG o.s.web.servlet.DispatcherServlet - Detected org.springframework.web.servlet.view.DefaultRequestToViewNameTranslator@53ea2f2d
2025-03-10 09:10:06 [http-nio-8003-exec-1] DEBUG o.s.web.servlet.DispatcherServlet - Detected org.springframework.web.servlet.support.SessionFlashMapManager@4e0e7403
2025-03-10 09:10:06 [http-nio-8003-exec-1] DEBUG o.s.web.servlet.DispatcherServlet - enableLoggingRequestDetails='false': request parameters and headers will be masked to prevent unsafe logging of potentially sensitive data
2025-03-10 09:10:06 [http-nio-8003-exec-1] INFO  o.s.web.servlet.DispatcherServlet - Completed initialization in 1 ms
2025-03-10 09:10:06 [http-nio-8003-exec-1] DEBUG o.s.security.web.FilterChainProxy - Securing GET /api/books/search/craig
2025-03-10 09:10:06 [http-nio-8003-exec-1] INFO  c.v.b.config.JwtAuthenticationFilter - X-API-KEY: 1gp3xMqqCBgb4QmivPq8ycVkncCi5EMuJtFkcDmNd8M
2025-03-10 09:10:06 [http-nio-8003-exec-1] DEBUG o.s.security.web.FilterChainProxy - Secured GET /api/books/search/craig
2025-03-10 09:10:06 [http-nio-8003-exec-1] DEBUG o.s.web.servlet.DispatcherServlet - GET "/api/books/search/craig", parameters={}
2025-03-10 09:10:06 [http-nio-8003-exec-1] DEBUG o.s.w.s.m.m.a.RequestMappingHandlerMapping - Mapped to com.vheekey.book_service.controllers.BookController#search(String, int, int)
2025-03-10 09:10:06 [http-nio-8003-exec-1] DEBUG o.s.w.s.m.m.a.HttpEntityMethodProcessor - Using 'application/json', given [*/*] and supported [application/json, application/*+json]
2025-03-10 09:10:06 [http-nio-8003-exec-1] DEBUG o.s.w.s.m.m.a.HttpEntityMethodProcessor - Nothing to write: null body
2025-03-10 09:10:06 [http-nio-8003-exec-1] DEBUG o.s.web.servlet.DispatcherServlet - Completed 200 OK
2025-03-10 09:12:46 [http-nio-8003-exec-2] DEBUG o.s.security.web.FilterChainProxy - Securing GET /api/books/search/craig
2025-03-10 09:12:46 [http-nio-8003-exec-2] INFO  c.v.b.config.JwtAuthenticationFilter - X-API-KEY: 1gp3xMqqCBgb4QmivPq8ycVkncCi5EMuJtFkcDmNd8M
2025-03-10 09:12:46 [http-nio-8003-exec-2] DEBUG o.s.security.web.FilterChainProxy - Secured GET /api/books/search/craig
2025-03-10 09:12:46 [http-nio-8003-exec-2] DEBUG o.s.web.servlet.DispatcherServlet - GET "/api/books/search/craig", parameters={}
2025-03-10 09:12:46 [http-nio-8003-exec-2] DEBUG o.s.w.s.m.m.a.RequestMappingHandlerMapping - Mapped to com.vheekey.book_service.controllers.BookController#search(String, int, int)
2025-03-10 09:12:46 [http-nio-8003-exec-2] DEBUG o.s.w.s.m.m.a.HttpEntityMethodProcessor - Using 'application/json', given [*/*] and supported [application/json, application/*+json]
2025-03-10 09:12:46 [http-nio-8003-exec-2] DEBUG o.s.w.s.m.m.a.HttpEntityMethodProcessor - Nothing to write: null body
2025-03-10 09:12:46 [http-nio-8003-exec-2] DEBUG o.s.web.servlet.DispatcherServlet - Completed 200 OK
2025-03-10 09:13:04 [restartedMain] INFO  c.v.b.BookServiceApplication - Starting BookServiceApplication using Java 17.0.1 with PID 24101 (/Users/vheekey/Sites/library-management-service/services/book-service/target/classes started by vheekey in /Users/vheekey/Sites/library-management-service/services/book-service)
2025-03-10 09:13:04 [restartedMain] INFO  c.v.b.BookServiceApplication - No active profile set, falling back to 1 default profile: "default"
2025-03-10 09:13:05 [restartedMain] INFO  c.v.book_service.config.JwtTokenUtil - Key algorithm: HmacSHA512
2025-03-10 09:13:05 [restartedMain] INFO  c.v.book_service.config.JwtTokenUtil - JWT Token Util initialized with secret: 2evhbLI9HRVJUn2aGgx0Bq4eWGfjL7PrBzg5xIoQ9UVMTZrG0EQrIzE/8QTmVLsu8dl2JG1/bKl47643AtuTdw==
2025-03-10 09:13:05 [restartedMain] DEBUG o.s.w.f.ServerHttpObservationFilter - Filter 'webMvcObservationFilter' configured for use
2025-03-10 09:13:05 [restartedMain] DEBUG o.s.s.c.a.a.c.AuthenticationConfiguration$DefaultPasswordEncoderAuthenticationManagerBuilder - No authenticationProviders and no parentAuthenticationManager defined. Returning null.
2025-03-10 09:13:05 [restartedMain] DEBUG o.s.w.s.m.m.a.RequestMappingHandlerMapping - 6 mappings in 'requestMappingHandlerMapping'
2025-03-10 09:13:05 [restartedMain] DEBUG o.s.w.s.h.SimpleUrlHandlerMapping - Patterns [/webjars/**, /**] in 'resourceHandlerMapping'
2025-03-10 09:13:05 [restartedMain] INFO  o.s.s.web.DefaultSecurityFilterChain - Will secure any request with [org.springframework.security.web.session.DisableEncodeUrlFilter@30a03fb0, org.springframework.security.web.context.request.async.WebAsyncManagerIntegrationFilter@7043a0bb, org.springframework.security.web.context.SecurityContextHolderFilter@2db423c1, org.springframework.security.web.header.HeaderWriterFilter@76cfca6d, org.springframework.web.filter.CorsFilter@343434e4, org.springframework.security.web.authentication.logout.LogoutFilter@7742026a, com.vheekey.book_service.config.JwtAuthenticationFilter@3985978d, org.springframework.security.web.savedrequest.RequestCacheAwareFilter@7cf068b8, org.springframework.security.web.servletapi.SecurityContextHolderAwareRequestFilter@1fef0259, org.springframework.security.web.authentication.AnonymousAuthenticationFilter@27bc0722, org.springframework.security.web.session.SessionManagementFilter@3bf7036a, org.springframework.security.web.access.ExceptionTranslationFilter@1ac97b0d, org.springframework.security.web.access.intercept.AuthorizationFilter@74b692a5]
2025-03-10 09:13:05 [restartedMain] DEBUG o.s.w.s.m.m.a.RequestMappingHandlerAdapter - ControllerAdvice beans: 0 @ModelAttribute, 0 @InitBinder, 1 RequestBodyAdvice, 1 ResponseBodyAdvice
2025-03-10 09:13:05 [restartedMain] DEBUG o.s.w.s.m.m.a.ExceptionHandlerExceptionResolver - ControllerAdvice beans: 1 @ExceptionHandler, 1 ResponseBodyAdvice
2025-03-10 09:13:06 [restartedMain] INFO  c.v.b.BookServiceApplication - Started BookServiceApplication in 2.57 seconds (process running for 2.809)
2025-03-10 09:13:08 [http-nio-8003-exec-1] INFO  o.s.web.servlet.DispatcherServlet - Initializing Servlet 'dispatcherServlet'
2025-03-10 09:13:08 [http-nio-8003-exec-1] DEBUG o.s.web.servlet.DispatcherServlet - Detected StandardServletMultipartResolver
2025-03-10 09:13:08 [http-nio-8003-exec-1] DEBUG o.s.web.servlet.DispatcherServlet - Detected AcceptHeaderLocaleResolver
2025-03-10 09:13:08 [http-nio-8003-exec-1] DEBUG o.s.web.servlet.DispatcherServlet - Detected FixedThemeResolver
2025-03-10 09:13:08 [http-nio-8003-exec-1] DEBUG o.s.web.servlet.DispatcherServlet - Detected org.springframework.web.servlet.view.DefaultRequestToViewNameTranslator@5cdc2144
2025-03-10 09:13:08 [http-nio-8003-exec-1] DEBUG o.s.web.servlet.DispatcherServlet - Detected org.springframework.web.servlet.support.SessionFlashMapManager@5f64f813
2025-03-10 09:13:08 [http-nio-8003-exec-1] DEBUG o.s.web.servlet.DispatcherServlet - enableLoggingRequestDetails='false': request parameters and headers will be masked to prevent unsafe logging of potentially sensitive data
2025-03-10 09:13:08 [http-nio-8003-exec-1] INFO  o.s.web.servlet.DispatcherServlet - Completed initialization in 2 ms
2025-03-10 09:13:08 [http-nio-8003-exec-1] DEBUG o.s.security.web.FilterChainProxy - Securing GET /api/books/search/craig
2025-03-10 09:13:08 [http-nio-8003-exec-1] INFO  c.v.b.config.JwtAuthenticationFilter - X-API-KEY: 1gp3xMqqCBgb4QmivPq8ycVkncCi5EMuJtFkcDmNd8M
2025-03-10 09:13:08 [http-nio-8003-exec-1] DEBUG o.s.security.web.FilterChainProxy - Secured GET /api/books/search/craig
2025-03-10 09:13:08 [http-nio-8003-exec-1] DEBUG o.s.web.servlet.DispatcherServlet - GET "/api/books/search/craig", parameters={}
2025-03-10 09:13:08 [http-nio-8003-exec-1] DEBUG o.s.w.s.m.m.a.RequestMappingHandlerMapping - Mapped to com.vheekey.book_service.controllers.BookController#search(String, int, int)
2025-03-10 09:13:08 [http-nio-8003-exec-1] DEBUG o.s.w.s.m.m.a.HttpEntityMethodProcessor - Using 'application/json', given [*/*] and supported [application/json, application/*+json]
2025-03-10 09:13:08 [http-nio-8003-exec-1] DEBUG o.s.w.s.m.m.a.HttpEntityMethodProcessor - Nothing to write: null body
2025-03-10 09:13:08 [http-nio-8003-exec-1] DEBUG o.s.web.servlet.DispatcherServlet - Completed 200 OK
2025-03-10 09:14:02 [http-nio-8003-exec-2] DEBUG o.s.security.web.FilterChainProxy - Securing GET /api/books/search/craig
2025-03-10 09:14:02 [http-nio-8003-exec-2] INFO  c.v.b.config.JwtAuthenticationFilter - X-API-KEY: 1gp3xMqqCBgb4QmivPq8ycVkncCi5EMuJtFkcDmNd8M
2025-03-10 09:14:02 [http-nio-8003-exec-2] DEBUG o.s.security.web.FilterChainProxy - Secured GET /api/books/search/craig
2025-03-10 09:14:02 [http-nio-8003-exec-2] DEBUG o.s.web.servlet.DispatcherServlet - GET "/api/books/search/craig", parameters={}
2025-03-10 09:14:02 [http-nio-8003-exec-2] DEBUG o.s.w.s.m.m.a.RequestMappingHandlerMapping - Mapped to com.vheekey.book_service.controllers.BookController#search(String, int, int)
2025-03-10 09:14:02 [http-nio-8003-exec-2] DEBUG o.s.w.s.m.m.a.HttpEntityMethodProcessor - Using 'application/json', given [*/*] and supported [application/json, application/*+json]
2025-03-10 09:14:02 [http-nio-8003-exec-2] DEBUG o.s.w.s.m.m.a.HttpEntityMethodProcessor - Nothing to write: null body
2025-03-10 09:14:02 [http-nio-8003-exec-2] DEBUG o.s.web.servlet.DispatcherServlet - Completed 200 OK
2025-03-10 09:17:22 [http-nio-8003-exec-3] DEBUG o.s.security.web.FilterChainProxy - Securing GET /api/books/search/craig
2025-03-10 09:17:22 [http-nio-8003-exec-3] INFO  c.v.b.config.JwtAuthenticationFilter - X-API-KEY: 1gp3xMqqCBgb4QmivPq8ycVkncCi5EMuJtFkcDmNd8M
2025-03-10 09:17:22 [http-nio-8003-exec-3] DEBUG o.s.security.web.FilterChainProxy - Secured GET /api/books/search/craig
2025-03-10 09:17:22 [http-nio-8003-exec-3] DEBUG o.s.web.servlet.DispatcherServlet - GET "/api/books/search/craig", parameters={}
2025-03-10 09:17:22 [http-nio-8003-exec-3] DEBUG o.s.w.s.m.m.a.RequestMappingHandlerMapping - Mapped to com.vheekey.book_service.controllers.BookController#search(String, int, int)
2025-03-10 09:17:22 [http-nio-8003-exec-3] DEBUG o.s.w.s.m.m.a.HttpEntityMethodProcessor - Using 'application/json', given [*/*] and supported [application/json, application/*+json]
2025-03-10 09:17:22 [http-nio-8003-exec-3] DEBUG o.s.w.s.m.m.a.HttpEntityMethodProcessor - Nothing to write: null body
2025-03-10 09:17:22 [http-nio-8003-exec-3] DEBUG o.s.web.servlet.DispatcherServlet - Completed 200 OK
2025-03-10 09:18:14 [restartedMain] INFO  c.v.b.BookServiceApplication - Starting BookServiceApplication using Java 17.0.1 with PID 25243 (/Users/vheekey/Sites/library-management-service/services/book-service/target/classes started by vheekey in /Users/vheekey/Sites/library-management-service/services/book-service)
2025-03-10 09:18:14 [restartedMain] INFO  c.v.b.BookServiceApplication - No active profile set, falling back to 1 default profile: "default"
2025-03-10 09:18:15 [restartedMain] INFO  c.v.book_service.config.JwtTokenUtil - Key algorithm: HmacSHA512
2025-03-10 09:18:15 [restartedMain] INFO  c.v.book_service.config.JwtTokenUtil - JWT Token Util initialized with secret: 2evhbLI9HRVJUn2aGgx0Bq4eWGfjL7PrBzg5xIoQ9UVMTZrG0EQrIzE/8QTmVLsu8dl2JG1/bKl47643AtuTdw==
2025-03-10 09:18:15 [restartedMain] DEBUG o.s.w.f.ServerHttpObservationFilter - Filter 'webMvcObservationFilter' configured for use
2025-03-10 09:18:15 [restartedMain] DEBUG o.s.s.c.a.a.c.AuthenticationConfiguration$DefaultPasswordEncoderAuthenticationManagerBuilder - No authenticationProviders and no parentAuthenticationManager defined. Returning null.
2025-03-10 09:18:15 [restartedMain] DEBUG o.s.w.s.m.m.a.RequestMappingHandlerMapping - 6 mappings in 'requestMappingHandlerMapping'
2025-03-10 09:18:15 [restartedMain] DEBUG o.s.w.s.h.SimpleUrlHandlerMapping - Patterns [/webjars/**, /**] in 'resourceHandlerMapping'
2025-03-10 09:18:15 [restartedMain] INFO  o.s.s.web.DefaultSecurityFilterChain - Will secure any request with [org.springframework.security.web.session.DisableEncodeUrlFilter@e401175, org.springframework.security.web.context.request.async.WebAsyncManagerIntegrationFilter@19f162af, org.springframework.security.web.context.SecurityContextHolderFilter@54b4ee85, org.springframework.security.web.header.HeaderWriterFilter@433a9069, org.springframework.web.filter.CorsFilter@123b61b7, org.springframework.security.web.authentication.logout.LogoutFilter@69537180, com.vheekey.book_service.config.JwtAuthenticationFilter@36b715e4, org.springframework.security.web.savedrequest.RequestCacheAwareFilter@68d988dd, org.springframework.security.web.servletapi.SecurityContextHolderAwareRequestFilter@27642918, org.springframework.security.web.authentication.AnonymousAuthenticationFilter@76b425ae, org.springframework.security.web.session.SessionManagementFilter@163a7611, org.springframework.security.web.access.ExceptionTranslationFilter@524f975d, org.springframework.security.web.access.intercept.AuthorizationFilter@34046446]
2025-03-10 09:18:15 [restartedMain] DEBUG o.s.w.s.m.m.a.RequestMappingHandlerAdapter - ControllerAdvice beans: 0 @ModelAttribute, 0 @InitBinder, 1 RequestBodyAdvice, 1 ResponseBodyAdvice
2025-03-10 09:18:15 [restartedMain] DEBUG o.s.w.s.m.m.a.ExceptionHandlerExceptionResolver - ControllerAdvice beans: 1 @ExceptionHandler, 1 ResponseBodyAdvice
2025-03-10 09:18:16 [restartedMain] INFO  c.v.b.BookServiceApplication - Started BookServiceApplication in 2.402 seconds (process running for 2.645)
2025-03-10 09:18:16 [http-nio-8003-exec-1] INFO  o.s.web.servlet.DispatcherServlet - Initializing Servlet 'dispatcherServlet'
2025-03-10 09:18:16 [http-nio-8003-exec-1] DEBUG o.s.web.servlet.DispatcherServlet - Detected StandardServletMultipartResolver
2025-03-10 09:18:16 [http-nio-8003-exec-1] DEBUG o.s.web.servlet.DispatcherServlet - Detected AcceptHeaderLocaleResolver
2025-03-10 09:18:16 [http-nio-8003-exec-1] DEBUG o.s.web.servlet.DispatcherServlet - Detected FixedThemeResolver
2025-03-10 09:18:16 [http-nio-8003-exec-1] DEBUG o.s.web.servlet.DispatcherServlet - Detected org.springframework.web.servlet.view.DefaultRequestToViewNameTranslator@2021b542
2025-03-10 09:18:16 [http-nio-8003-exec-1] DEBUG o.s.web.servlet.DispatcherServlet - Detected org.springframework.web.servlet.support.SessionFlashMapManager@21528214
2025-03-10 09:18:16 [http-nio-8003-exec-1] DEBUG o.s.web.servlet.DispatcherServlet - enableLoggingRequestDetails='false': request parameters and headers will be masked to prevent unsafe logging of potentially sensitive data
2025-03-10 09:18:16 [http-nio-8003-exec-1] INFO  o.s.web.servlet.DispatcherServlet - Completed initialization in 2 ms
2025-03-10 09:18:16 [http-nio-8003-exec-1] DEBUG o.s.security.web.FilterChainProxy - Securing GET /api/books/search/craig
2025-03-10 09:18:16 [http-nio-8003-exec-1] INFO  c.v.b.config.JwtAuthenticationFilter - X-API-KEY: 1gp3xMqqCBgb4QmivPq8ycVkncCi5EMuJtFkcDmNd8M
2025-03-10 09:18:16 [http-nio-8003-exec-1] DEBUG o.s.security.web.FilterChainProxy - Secured GET /api/books/search/craig
2025-03-10 09:18:16 [http-nio-8003-exec-1] DEBUG o.s.web.servlet.DispatcherServlet - GET "/api/books/search/craig", parameters={}
2025-03-10 09:18:16 [http-nio-8003-exec-1] DEBUG o.s.w.s.m.m.a.RequestMappingHandlerMapping - Mapped to com.vheekey.book_service.controllers.BookController#search(String, int, int)
2025-03-10 09:18:16 [http-nio-8003-exec-1] DEBUG o.s.w.s.m.m.a.HttpEntityMethodProcessor - Using 'application/json', given [*/*] and supported [application/json, application/*+json]
2025-03-10 09:18:16 [http-nio-8003-exec-1] DEBUG o.s.w.s.m.m.a.HttpEntityMethodProcessor - Writing [Page 1 of 2 containing com.vheekey.book_service.responses.BookResponse instances]
2025-03-10 09:18:16 [http-nio-8003-exec-1] DEBUG o.s.web.servlet.DispatcherServlet - Completed 200 OK
2025-03-10 09:19:11 [http-nio-8003-exec-2] DEBUG o.s.security.web.FilterChainProxy - Securing GET /api/books/search/root
2025-03-10 09:19:11 [http-nio-8003-exec-2] INFO  c.v.b.config.JwtAuthenticationFilter - X-API-KEY: 1gp3xMqqCBgb4QmivPq8ycVkncCi5EMuJtFkcDmNd8M
2025-03-10 09:19:11 [http-nio-8003-exec-2] DEBUG o.s.security.web.FilterChainProxy - Secured GET /api/books/search/root
2025-03-10 09:19:11 [http-nio-8003-exec-2] DEBUG o.s.web.servlet.DispatcherServlet - GET "/api/books/search/root", parameters={}
2025-03-10 09:19:11 [http-nio-8003-exec-2] DEBUG o.s.w.s.m.m.a.RequestMappingHandlerMapping - Mapped to com.vheekey.book_service.controllers.BookController#search(String, int, int)
2025-03-10 09:19:11 [http-nio-8003-exec-2] DEBUG o.s.w.s.m.m.a.HttpEntityMethodProcessor - Using 'application/json', given [*/*] and supported [application/json, application/*+json]
2025-03-10 09:19:11 [http-nio-8003-exec-2] DEBUG o.s.w.s.m.m.a.HttpEntityMethodProcessor - Writing [Page 1 of 0 containing UNKNOWN instances]
2025-03-10 09:19:11 [http-nio-8003-exec-2] DEBUG o.s.web.servlet.DispatcherServlet - Completed 200 OK
